Arguments: 
  C:\Program Files\nodejs\node.exe C:\Users\Mbah Royce\AppData\Roaming\npm\node_modules\yarn\bin\yarn.js install

PATH: 
  C:\oraclexe\app\oracle\product\11.2.0\server\bin;C:\app\Mbah_Royce\product\11.2.0\dbhome_1\bin;D:\app\Mbah_1\bin;C:\Program Files (x86)\Common Files\Oracle\Java\javapath;C:\Program Files (x86)\Intel\iCLS Client\;C:\Program Files\Intel\iCLS Client\;C:\Windows\system32;C:\Windows;C:\Windows\System32\Wbem;C:\Windows\System32\WindowsPowerShell\v1.0\;C:\Windows\System32\OpenSSH\;C:\Program Files (x86)\NVIDIA Corporation\PhysX\Common;C:\Program Files (x86)\Intel\Intel(R) Management Engine Components\DAL;C:\Program Files\Intel\Intel(R) Management Engine Components\DAL;C:\Program Files (x86)\Intel\Intel(R) Management Engine Components\IPT;C:\Program Files\Intel\Intel(R) Management Engine Components\IPT;C:\Program Files\Intel\WiFi\bin\;C:\Program Files\Common Files\Intel\WirelessCommon\;C:\ProgramData\ComposerSetup\bin;C:\Program Files\Java\jdk1.8.0_271\bin;C:\Program Files\Git\cmd;C:\WINDOWS\system32;C:\WINDOWS;C:\WINDOWS\System32\Wbem;C:\WINDOWS\System32\WindowsPowerShell\v1.0\;C:\WINDOWS\System32\OpenSSH\;C:\xampp\php;C:\Users\Mbah Royce\Desktop\DOWLAOD\vendor\bin;C:\Program Files\Docker\Docker\resources\bin;C:\ProgramData\DockerDesktop\version-bin;C:\Program Files\PostgreSQL\14\bin;"C:\Users\Mbah Royce\AppData\Local\Programs\Python\Python310;C:\Users\Mbah Royce\AppData\Local\Programs\Python\Python310\Scripts";C:\Users\Mbah Royce\AppData\Local\Programs\Python\Python310;C:\Program Files\Microsoft SQL Server\Client SDK\ODBC\170\Tools\Binn\;C:\Program Files (x86)\Microsoft SQL Server\150\Tools\Binn\;C:\Program Files\Microsoft SQL Server\150\Tools\Binn\;C:\Program Files\Microsoft SQL Server\150\DTS\Binn\;C:\Program Files (x86)\Microsoft SQL Server\150\DTS\Binn\;C:\Program Files\Azure Data Studio\bin;C:\Users\Mbah Royce\AppData\Local\Programs\Python\Python310\Scripts;C:\Program Files\nodejs\;C:\Users\Mbah Royce\AppData\Local\Microsoft\WindowsApps;C:\Users\Mbah Royce\AppData\Local\Programs\Microsoft VS Code\bin;C:\xampp\php;C:\Program Files\Intel\WiFi\bin\;C:\Program Files\Common Files\Intel\WirelessCommon\;C:\Users\Mbah Royce\AppData\Roaming\Composer\vendor\bin;C:\Program Files\heroku\bin;C:\Users\Mbah Royce\Documents\flutter\bin;C:\Program Files\JetBrains\PyCharm Community Edition 2021.3.2\bin;;C:\Users\Mbah Royce\Documents\web-gui\venv\lib\python3.9\site-packages;"C:\Users\Mbah Royce\AppData\Local\Programs\Python\Python310;C:\Users\Mbah Royce\AppData\Local\Programs\Python\Python310\Scripts";C:\Users\Mbah Royce\AppData\Local\Programs\Python\Python310;C:\Program Files\Azure Data Studio\bin;C:\Users\Mbah Royce\AppData\Roaming\npm;C:\Users\Mbah Royce\AppData\Local\Google\Cloud SDK\google-cloud-sdk\bin

Yarn version: 
  1.22.17

Node version: 
  16.16.0

Platform: 
  win32 x64

Trace: 
  Error: https://registry.yarnpkg.com/@fortawesome/fontawesome-free/-/fontawesome-free-5.15.3.tgz: ESOCKETTIMEDOUT
      at ClientRequest.<anonymous> (C:\Users\Mbah Royce\AppData\Roaming\npm\node_modules\yarn\lib\cli.js:141510:19)
      at Object.onceWrapper (node:events:641:28)
      at ClientRequest.emit (node:events:527:28)
      at TLSSocket.emitRequestTimeout (node:_http_client:771:9)
      at Object.onceWrapper (node:events:641:28)
      at TLSSocket.emit (node:events:539:35)
      at TLSSocket.Socket._onTimeout (node:net:516:8)
      at listOnTimeout (node:internal/timers:559:17)
      at processTimers (node:internal/timers:502:7)

npm manifest: 
  {
    "name": "argon-dashboard-react",
    "version": "1.2.2",
    "description": "React version of Argon Dashboard by Creative Tim",
    "main": "index.js",
    "repository": {
      "type": "git",
      "url": "git+https://github.com/creativetimofficial/argon-dashboard-react.git"
    },
    "keywords": [
      "react",
      "reactjs",
      "argon",
      "argon-react",
      "dashboard",
      "dashboard-react",
      "argon-dashboard",
      "argon-dashboard-react"
    ],
    "author": "Creative Tim",
    "license": "MIT",
    "bugs": {
      "url": "https://github.com/creativetimofficial/argon-dashboard-react/issues"
    },
    "homepage": "https://demos.creative-tim.com/argon-dashboard-react/",
    "scripts": {
      "start": "react-scripts start",
      "build": "react-scripts build",
      "test": "react-scripts test",
      "eject": "react-scripts eject",
      "install:clean": "rm -rf node_modules/ && rm -rf package-lock.json && npm install && npm start",
      "compile:scss": "sass src/assets/scss/argon-dashboard-react.scss src/assets/css/argon-dashboard-react.css",
      "minify:scss": "sass src/assets/scss/argon-dashboard-react.scss src/assets/css/argon-dashboard-react.min.css --style compressed",
      "build:scss": "npm run compile:scss && npm run minify:scss && npm run map:scss"
    },
    "eslintConfig": {
      "extends": "react-app"
    },
    "browserslist": [
      ">0.2%",
      "not dead",
      "not ie <= 11",
      "not op_mini all"
    ],
    "dependencies": {
      "@fortawesome/fontawesome-free": "5.15.3",
      "bootstrap": "4.6.0",
      "chart.js": "2.9.4",
      "classnames": "2.3.1",
      "moment": "2.29.4",
      "nouislider": "15.2.0",
      "react": "18.2.0",
      "react-chartjs-2": "2.11.1",
      "react-copy-to-clipboard": "5.1.0",
      "react-datetime": "3.1.1",
      "react-dom": "18.2.0",
      "react-router-dom": "5.2.0",
      "react-scripts": "5.0.1",
      "reactstrap": "8.9.0",
      "sass": "1.54.5"
    },
    "devDependencies": {
      "gulp": "4.0.2",
      "gulp-append-prepend": "1.0.9"
    },
    "peerDependencies": {
      "react": ">=16.0.0",
      "react-dom": ">=16.0.0"
    },
    "optionalDependencies": {
      "eslint-plugin-flowtype": "8.0.3",
      "jquery": "3.6.0",
      "typescript": "4.8.2"
    }
  }

yarn manifest: 
  No manifest

Lockfile: 
  No lockfile
